<?xml version="1.0" encoding="UTF-8" ?>
<testsuite tests="1" failures="1" name="org.swd.starterj.demo.Smoke_test_for_each_pageobject" time="0.565" errors="0" skipped="0">
  <properties>
[...]
</properties>
  <testcase classname="org.swd.starterj.demo.Smoke_test_for_each_pageobject" name="trueShouldNeverBeEqualToFalseSoThisCaseShouldFail" time="0.008">
    <failure message="should fail because tru is not equals to false expected [false] but found [true]" type="java.lang.AssertionError">java.lang.AssertionError: should fail because tru is not equals to false expected [false] but found [true]
	at org.testng.Assert.fail(Assert.java:94)
	at org.testng.Assert.failNotEquals(Assert.java:494)
	at org.testng.Assert.assertEquals(Assert.java:123)
	at org.testng.Assert.assertEquals(Assert.java:286)
	at org.swd.starterj.demo.Smoke_test_for_each_pageobject.trueShouldNeverBeEqualToFalseSoThisCaseShouldFail(Smoke_test_for_each_pageobject.java:30)
</failure>
  </testcase>
</testsuite>